{"C:\\Oreo\\typescript-jest\\cucumber\\step-definitions\\shared_steps.ts": {"path":"C:\\Oreo\\typescript-jest\\cucumber\\step-definitions\\shared_steps.ts","statementMap":{"0":{"start":{"line":1,"column":13},"end":{"line":5,"column":null}},"1":{"start":{"line":2,"column":4},"end":{"line":4,"column":7}},"2":{"start":{"line":3,"column":8},"end":{"line":3,"column":64}},"3":{"start":{"line":7,"column":13},"end":{"line":11,"column":null}},"4":{"start":{"line":8,"column":4},"end":{"line":10,"column":null}},"5":{"start":{"line":9,"column":8},"end":{"line":9,"column":60}}},"fnMap":{"0":{"name":"(anonymous_0)","decl":{"start":{"line":1,"column":33},"end":{"line":1,"column":34}},"loc":{"start":{"line":1,"column":84},"end":{"line":5,"column":1}}},"1":{"name":"(anonymous_1)","decl":{"start":{"line":2,"column":35},"end":{"line":2,"column":null}},"loc":{"start":{"line":2,"column":35},"end":{"line":4,"column":5}}},"2":{"name":"(anonymous_2)","decl":{"start":{"line":7,"column":46},"end":{"line":7,"column":47}},"loc":{"start":{"line":7,"column":105},"end":{"line":11,"column":1}}},"3":{"name":"(anonymous_3)","decl":{"start":{"line":8,"column":56},"end":{"line":8,"column":57}},"loc":{"start":{"line":8,"column":69},"end":{"line":10,"column":5}}}},"branchMap":{},"s":{"0":2,"1":4,"2":4,"3":2,"4":4,"5":8},"f":{"0":4,"1":4,"2":4,"3":8},"b":{}}
,"C:\\Oreo\\typescript-jest\\src\\app.ts": {"path":"C:\\Oreo\\typescript-jest\\src\\app.ts","statementMap":{"0":{"start":{"line":1,"column":0},"end":{"line":1,"column":31}},"1":{"start":{"line":3,"column":11},"end":{"line":3,"column":60}},"2":{"start":{"line":3,"column":45},"end":{"line":3,"column":60}},"3":{"start":{"line":4,"column":11},"end":{"line":4,"column":70}},"4":{"start":{"line":4,"column":50},"end":{"line":4,"column":70}},"5":{"start":{"line":5,"column":11},"end":{"line":5,"column":70}},"6":{"start":{"line":5,"column":50},"end":{"line":5,"column":70}},"7":{"start":{"line":6,"column":11},"end":{"line":6,"column":66}},"8":{"start":{"line":6,"column":48},"end":{"line":6,"column":66}}},"fnMap":{"0":{"name":"(anonymous_1)","decl":{"start":{"line":3,"column":19},"end":{"line":3,"column":20}},"loc":{"start":{"line":3,"column":40},"end":{"line":3,"column":49}}},"1":{"name":"(anonymous_2)","decl":{"start":{"line":4,"column":24},"end":{"line":4,"column":25}},"loc":{"start":{"line":4,"column":45},"end":{"line":4,"column":54}}},"2":{"name":"(anonymous_3)","decl":{"start":{"line":5,"column":24},"end":{"line":5,"column":25}},"loc":{"start":{"line":5,"column":45},"end":{"line":5,"column":54}}},"3":{"name":"(anonymous_4)","decl":{"start":{"line":6,"column":22},"end":{"line":6,"column":23}},"loc":{"start":{"line":6,"column":43},"end":{"line":6,"column":52}}}},"branchMap":{},"s":{"0":1,"1":1,"2":3,"3":1,"4":1,"5":1,"6":1,"7":1,"8":1},"f":{"0":3,"1":1,"2":1,"3":1},"b":{}}
,"C:\\Oreo\\typescript-jest\\src\\index.ts": {"path":"C:\\Oreo\\typescript-jest\\src\\index.ts","statementMap":{"0":{"start":{"line":1,"column":0},"end":{"line":1,"column":29}},"1":{"start":{"line":4,"column":9},"end":{"line":4,"column":12}},"2":{"start":{"line":2,"column":0},"end":{"line":2,"column":31}},"3":{"start":{"line":4,"column":14},"end":{"line":4,"column":18}}},"fnMap":{},"branchMap":{},"s":{"0":1,"1":1,"2":1,"3":1},"f":{},"b":{}}
,"C:\\Oreo\\typescript-jest\\src\\math.ts": {"path":"C:\\Oreo\\typescript-jest\\src\\math.ts","statementMap":{"0":{"start":{"line":1,"column":11},"end":{"line":1,"column":49}},"1":{"start":{"line":1,"column":43},"end":{"line":1,"column":49}},"2":{"start":{"line":2,"column":11},"end":{"line":2,"column":54}},"3":{"start":{"line":2,"column":48},"end":{"line":2,"column":54}},"4":{"start":{"line":3,"column":11},"end":{"line":3,"column":54}},"5":{"start":{"line":3,"column":48},"end":{"line":3,"column":54}},"6":{"start":{"line":4,"column":11},"end":{"line":4,"column":52}},"7":{"start":{"line":4,"column":46},"end":{"line":4,"column":52}}},"fnMap":{"0":{"name":"(anonymous_0)","decl":{"start":{"line":1,"column":17},"end":{"line":1,"column":18}},"loc":{"start":{"line":1,"column":38},"end":{"line":1,"column":44}}},"1":{"name":"(anonymous_1)","decl":{"start":{"line":2,"column":22},"end":{"line":2,"column":23}},"loc":{"start":{"line":2,"column":43},"end":{"line":2,"column":49}}},"2":{"name":"(anonymous_2)","decl":{"start":{"line":3,"column":22},"end":{"line":3,"column":23}},"loc":{"start":{"line":3,"column":43},"end":{"line":3,"column":49}}},"3":{"name":"(anonymous_3)","decl":{"start":{"line":4,"column":20},"end":{"line":4,"column":21}},"loc":{"start":{"line":4,"column":41},"end":{"line":4,"column":47}}}},"branchMap":{},"s":{"0":1,"1":2,"2":1,"3":1,"4":1,"5":1,"6":1,"7":1},"f":{"0":2,"1":1,"2":1,"3":1},"b":{}}
}
